TN:
SF:src/math.ts
FN:1,add
FNF:1
FNH:1
FNDA:1,add
DA:1,1
DA:2,1
DA:3,1
LF:3
LH:3
BRDA:1,0,0,1
BRF:1
BRH:1
end_of_record
TN:
SF:src/presentation/view-model.ts
FN:5,createViewModel
FNF:1
FNH:1
FNDA:1,createViewModel
DA:5,1
DA:6,1
DA:7,1
LF:3
LH:3
BRDA:5,0,0,1
BRF:1
BRH:1
end_of_record
TN:
SF:src/shared/architecture/enforce-boundaries.ts
FN:14,collectTypeScriptFiles
FN:17,walk
FN:38,validateArchitectureBoundaries
FNF:3
FNH:3
FNDA:2,collectTypeScriptFiles
FNDA:9,walk
FNDA:2,validateArchitectureBoundaries
DA:1,1
DA:2,1
DA:3,1
DA:5,1
DA:14,1
DA:15,2
DA:17,2
DA:18,9
DA:19,9
DA:20,18
DA:21,18
DA:23,18
DA:24,7
DA:25,7
DA:26,7
DA:28,18
DA:29,11
DA:30,11
DA:31,18
DA:32,9
DA:34,2
DA:35,2
DA:36,2
DA:38,1
DA:39,2
DA:41,2
DA:42,10
DA:43,10
DA:45,9
DA:46,9
DA:48,9
DA:49,10
DA:50,5
DA:51,5
DA:53,3
DA:54,3
DA:55,3
DA:57,5
DA:58,1
DA:59,1
DA:60,1
DA:61,1
DA:62,1
DA:63,1
DA:64,1
DA:65,5
DA:66,10
DA:68,2
DA:69,2
LF:49
LH:49
BRDA:14,0,0,2
BRDA:17,1,0,9
BRDA:19,2,0,18
BRDA:23,3,0,7
BRDA:26,4,0,11
BRDA:28,5,0,11
BRDA:38,6,0,2
BRDA:41,7,0,10
BRDA:43,8,0,1
BRDA:43,9,0,9
BRDA:49,10,0,5
BRDA:51,11,0,2
BRDA:51,12,0,3
BRDA:55,13,0,0
BRDA:55,14,0,3
BRDA:57,15,0,1
BRF:16
BRH:15
end_of_record
TN:
SF:src/shared/architecture/layer-rules.ts
FN:29,getLayerForPath
FN:39,canImportLayer
FNF:2
FNH:2
FNDA:13,getLayerForPath
FNDA:8,canImportLayer
DA:8,1
DA:9,1
DA:10,1
DA:11,1
DA:12,1
DA:13,1
DA:14,1
DA:16,1
DA:17,1
DA:18,1
DA:19,1
DA:20,1
DA:21,1
DA:22,1
DA:24,1
DA:29,1
DA:30,13
DA:31,13
DA:32,26
DA:33,12
DA:34,12
DA:35,26
DA:36,1
DA:37,1
DA:39,1
DA:40,8
DA:41,8
LF:27
LH:27
BRDA:24,0,0,10
BRDA:29,1,0,13
BRDA:31,2,0,26
BRDA:32,3,0,12
BRDA:35,4,0,1
BRDA:39,5,0,8
BRF:6
BRH:6
end_of_record
TN:
SF:src/shared/primitives/badge.ts
FN:16,createBadgePrimitive
FNF:1
FNH:1
FNDA:3,createBadgePrimitive
DA:1,1
DA:10,1
DA:11,1
DA:12,1
DA:13,1
DA:14,1
DA:16,1
DA:17,3
DA:18,3
DA:19,3
DA:20,3
DA:21,3
LF:12
LH:12
BRDA:16,0,0,3
BRF:1
BRH:1
end_of_record
TN:
SF:src/shared/primitives/button.ts
FN:21,createButtonPrimitive
FNF:1
FNH:1
FNDA:9,createButtonPrimitive
DA:1,1
DA:2,1
DA:15,1
DA:16,1
DA:17,1
DA:18,1
DA:19,1
DA:21,1
DA:22,9
DA:23,9
DA:24,9
DA:25,9
DA:26,9
DA:27,9
DA:28,9
DA:29,9
LF:16
LH:16
BRDA:21,0,0,9
BRDA:26,1,0,6
BRF:2
BRH:2
end_of_record
TN:
SF:src/shared/primitives/input.ts
FN:20,createInputPrimitive
FNF:1
FNH:1
FNDA:6,createInputPrimitive
DA:1,1
DA:2,1
DA:15,1
DA:16,1
DA:17,1
DA:18,1
DA:20,1
DA:21,6
DA:22,6
DA:23,6
DA:24,6
DA:25,6
DA:26,6
DA:27,6
DA:28,6
LF:15
LH:15
BRDA:20,0,0,6
BRF:1
BRH:1
end_of_record
TN:
SF:src/shared/theme/theme-preference.ts
FN:12,isThemeName
FN:16,resolveStoredTheme
FN:24,persistTheme
FN:28,nextTheme
FN:40,switchTheme
FNF:5
FNH:5
FNDA:2,isThemeName
FNDA:3,resolveStoredTheme
FNDA:1,persistTheme
FNDA:1,nextTheme
FNDA:1,switchTheme
DA:1,1
DA:3,1
DA:12,1
DA:13,2
DA:14,2
DA:16,1
DA:17,3
DA:18,3
DA:19,1
DA:20,1
DA:21,2
DA:22,2
DA:24,1
DA:25,1
DA:26,1
DA:28,1
DA:29,1
DA:30,1
DA:31,1
DA:33,1
DA:34,0
DA:35,0
DA:37,1
DA:38,1
DA:40,1
DA:41,1
DA:42,1
DA:43,1
DA:44,1
LF:29
LH:27
BRDA:12,0,0,2
BRDA:16,1,0,3
BRDA:18,2,0,2
BRDA:18,3,0,1
BRDA:20,4,0,2
BRDA:24,5,0,1
BRDA:28,6,0,1
BRDA:33,7,0,0
BRDA:40,8,0,1
BRF:9
BRH:8
end_of_record
TN:
SF:src/shared/theme/tokens.ts
FNF:0
FNH:0
DA:9,1
DA:12,1
DA:13,1
DA:14,1
DA:15,1
DA:16,1
DA:17,1
DA:18,1
DA:19,1
DA:20,1
DA:21,1
DA:22,1
DA:23,1
DA:24,1
DA:25,1
DA:26,1
DA:27,1
DA:28,1
DA:29,1
DA:30,1
DA:31,1
DA:32,1
DA:33,1
DA:34,1
DA:35,1
DA:36,1
DA:37,1
DA:38,1
DA:39,1
DA:40,1
DA:41,1
DA:42,1
DA:43,1
DA:44,1
DA:45,1
DA:46,1
DA:47,1
DA:48,1
LF:38
LH:38
BRF:0
BRH:0
end_of_record
